<?xml version="1.0" encoding="UTF-8"?>
<testExecutions version="1">
  <file path="C:\Users\arouvr03\marvel-app\src\pages\CharacterDetailPage.test.jsx">
  </file>
  <file path="C:\Users\arouvr03\marvel-app\src\components\RechartsPieChart.test.jsx">
    <testCase name="RechartsPieChart renders RechartsPieChart" duration="53"/>
  </file>
</testExecutions>