<?xml version="1.0" encoding="UTF-8"?>
<testExecutions version="1">
  <file path="C:\Users\arouvr03\marvel-app\src\Layout.test.jsx">
    <testCase name="renders the layout with correct elements" duration="61"/>
  </file>
</testExecutions>