<?xml version="1.0" encoding="UTF-8"?>
<testExecutions version="1">
  <file path="C:\Users\arouvr03\marvel-app\src\components\D3PieChart.test.js">
  </file>
</testExecutions>