<?xml version="1.0" encoding="UTF-8"?>
<testExecutions version="1">
  <file path="C:\Users\arouvr03\marvel-app\src\components\chart-utils.test.js">
    <testCase name="prepareData should return an empty array when no data is provided" duration="5"/>
    <testCase name="prepareData should return the correct transformed data when all values are provided" duration="1"/>
    <testCase name="prepareData should filter out elements with undefined values" duration="3"/>
    <testCase name="prepareData should handle partial data correctly" duration="0"/>
  </file>
</testExecutions>