<?xml version="1.0" encoding="UTF-8"?>
<testExecutions version="1">
  <file path="C:\Users\arouvr03\marvel-app\src\api\characters-api.test.js">
    <testCase name="characters-api getCharacters should return the list of characters with default order" duration="13"/>
    <testCase name="characters-api getCharacters should return the list of characters ordered by name ascending" duration="0"/>
    <testCase name="characters-api getCharacters should return the list of characters ordered by name descending" duration="0"/>
    <testCase name="characters-api getCharacters should return the list of characters ordered by modified field ascending" duration="1"/>
    <testCase name="characters-api getCharacters should return the list of characters ordered by modified field descending" duration="1"/>
    <testCase name="characters-api getCharacterById should return the character with the given id" duration="1"/>
    <testCase name="characters-api getCharacterById should throw an error if the character with the given id is not found" duration="3"/>
  </file>
  <file path="C:\Users\arouvr03\marvel-app\src\components\NumberOfCharacters.test.jsx">
    <testCase name="NumberOfCharacters renders &quot;There is no character&quot; when no characters are provided" duration="23"/>
    <testCase name="NumberOfCharacters renders &quot;There is no character&quot; when characters array is empty" duration="4"/>
    <testCase name="NumberOfCharacters renders the correct number of characters when characters array is not empty" duration="4"/>
    <testCase name="NumberOfCharacters renders &quot;There is 1 character&quot; when characters array has only one character" duration="3"/>
  </file>
  <file path="C:\Users\arouvr03\marvel-app\src\pages\CharacterDetailPage.test.jsx">
    <testCase name="CharacterDetailPage render CharacterDetailPage component" duration="32"/>
  </file>
  <file path="C:\Users\arouvr03\marvel-app\src\pages\CharactersPage.test.jsx">
    <testCase name="CharactersPage render CharactersPage component" duration="65"/>
    <testCase name="CharactersPage render CharactersPage component with order and orderBy from search params" duration="7"/>
    <testCase name="CharactersPage render CharactersPage component with order and orderBy when the select changes" duration="11"/>
  </file>
</testExecutions>