<?xml version="1.0" encoding="UTF-8"?>
<testExecutions version="1">
  <file path="C:\Users\arouvr03\marvel-app\src\api\characters-api.test.js">
    <testCase name="getCharacters should return the list of characters" duration="7"/>
    <testCase name="getCharacterById should return the character with the given id" duration="0"/>
    <testCase name="getCharacterById should throw an error if the character with the given id is not found" duration="10"/>
  </file>
  <file path="C:\Users\arouvr03\marvel-app\src\components\NumberOfCharacters.test.jsx">
    <testCase name="renders &quot;There is no character&quot; when characters array is empty" duration="27"/>
    <testCase name="renders the correct number of characters when characters array is not empty" duration="3"/>
    <testCase name="renders &quot;There is no character&quot; when no characters are provided" duration="3"/>
  </file>
  <file path="C:\Users\arouvr03\marvel-app\src\components\CharacterDetail.test.jsx">
    <testCase name="renders the character detail correctly" duration="32"/>
    <testCase name="does not render the character thumbnail image when not provided" duration="3"/>
    <testCase name="renders &quot;no character&quot; when character is not provided" duration="2"/>
  </file>
  <file path="C:\Users\arouvr03\marvel-app\src\pages\AboutPage.test.jsx">
    <testCase name="AboutPage sets the document title correctly" duration="53"/>
  </file>
  <file path="C:\Users\arouvr03\marvel-app\src\pages\CharacterDetailPage.test.jsx">
    <testCase name="CharacterDetailPage render CharacterDetailPage component" duration="36"/>
  </file>
  <file path="C:\Users\arouvr03\marvel-app\src\pages\ContactPage.test.jsx">
    <testCase name="ContactPage sets the document title correctly" duration="69"/>
  </file>
  <file path="C:\Users\arouvr03\marvel-app\src\components\CharactersList.test.jsx">
    <testCase name="renders an empty list when no characters are provided" duration="56"/>
    <testCase name="renders an empty list when characters is empty" duration="6"/>
    <testCase name="renders the correct number of list items when characters are provided" duration="14"/>
  </file>
  <file path="C:\Users\arouvr03\marvel-app\src\pages\CharactersPage.test.jsx">
    <testCase name="CharactersPage render CharactersPage component" duration="72"/>
  </file>
</testExecutions>